<?xml version="1.0" encoding="UTF-8"?>
<!-- Generated by org.testng.reporters.JUnitReportReporter -->
<testsuite hostname="elzevir-N56VB" failures="0" tests="1" name="com.generatedata.generatedataTest" time="26.927" errors="0" timestamp="2022-06-06T22:46:18 ART" skipped="0">
  <testcase classname="com.generatedata.generatedataTest" name="datatest" time="26.927"/>
  <system-out/>
</testsuite> <!-- com.generatedata.generatedataTest -->
