<?xml version="1.0" encoding="UTF-8"?>
<!-- Generated by org.testng.reporters.JUnitReportReporter -->
<testsuite hostname="elzevir-N56VB" failures="0" tests="1" name="com.generatedata.generatedataTest" time="21.125" errors="0" timestamp="2022-06-05T22:33:12 ART" skipped="0">
  <testcase classname="com.generatedata.generatedataTest" name="datatest" time="21.125"/>
  <system-out/>
</testsuite> <!-- com.generatedata.generatedataTest -->
